<?xml version="1.0" encoding="UTF-8"?>
<!-- Generated by org.testng.reporters.JUnitXMLReporter -->
<testsuite ignored="0" hostname="LAPTOP-7BUEFBVS" failures="0" tests="2" name="Default test" time="0.052" errors="0" timestamp="2026-02-14T10:50:49 IST">
  <testcase classname="configurationAnnotations.CreateContactTest" name="createContact" time="0.005"/>
  <testcase classname="configurationAnnotations.CreateContactTest" name="createContactWithSupportDate" time="0.001"/>
</testsuite> <!-- Default test -->
