<?xml version="1.0" encoding="UTF-8"?>
<!-- Generated by org.testng.reporters.JUnitXMLReporter -->
<testsuite ignored="2" hostname="LAPTOP-7BUEFBVS" failures="0" tests="4" name="Test" time="0.077" errors="0" timestamp="2026-02-14T11:58:44 IST">
  <testcase classname="com.CRM.comcastcontacttest.CreateContactTest" name="createContact" time="0.004"/>
  <testcase classname="com.CRM.comcastcontacttest.CreateContactTest" name="createContactWithSupportDate" time="0.001"/>
  <testcase classname="com.CRM.comcastorgtest.CreateOrgTest" name="createOrg" time="0.003"/>
  <testcase classname="com.CRM.comcastorgtest.CreateOrgTest" name="createOrgWithIndustry" time="0.003"/>
  <testcase classname="com.CRM.generic.baseUtility.BaseClass" name="@AfterSuite configAfterSuite" time="0.0">
    <ignored/>
  </testcase> <!-- @AfterSuite configAfterSuite -->
  <testcase classname="com.CRM.generic.baseUtility.BaseClass" name="@BeforeSuite configBeforeSuite" time="0.0">
    <ignored/>
  </testcase> <!-- @BeforeSuite configBeforeSuite -->
</testsuite> <!-- Test -->
