<?xml version="1.0" encoding="UTF-8"?>
<!-- Generated by org.testng.reporters.JUnitReportReporter -->
<testsuite hostname="LAPTOP-7BUEFBVS" failures="0" tests="3" name="practice.testng.CreateContactTestUsingDataProvider" time="0.010" errors="0" timestamp="2026-02-12T15:59:38 IST" skipped="0">
  <testcase classname="practice.testng.CreateContactTestUsingDataProvider" name="createContactTest" time="0.002"/>
  <testcase classname="practice.testng.CreateContactTestUsingDataProvider" name="createContactTest" time="0.002"/>
  <testcase classname="practice.testng.CreateContactTestUsingDataProvider" name="createContactTest" time="0.006"/>
</testsuite> <!-- practice.testng.CreateContactTestUsingDataProvider -->
