<?xml version="1.0" encoding="UTF-8"?>
<!-- Generated by org.testng.reporters.JUnitReportReporter -->
<testsuite hostname="LAPTOP-7BUEFBVS" failures="0" tests="2" name="com.CRM.comcastcontacttest.CreateContactTest" time="0.009" errors="0" timestamp="2026-02-14T11:58:44 IST" skipped="0">
  <testcase classname="com.CRM.comcastcontacttest.CreateContactTest" name="createContact" time="0.007"/>
  <testcase classname="com.CRM.comcastcontacttest.CreateContactTest" name="createContactWithSupportDate" time="0.002"/>
</testsuite> <!-- com.CRM.comcastcontacttest.CreateContactTest -->
