<?xml version="1.0" encoding="UTF-8"?>
<!-- Generated by org.testng.reporters.JUnitReportReporter -->
<testsuite hostname="LAPTOP-7BUEFBVS" failures="0" tests="3" name="practice.testng.GetProductInfoTest" time="22.456" errors="0" timestamp="2026-02-13T12:04:32 IST" skipped="0">
  <testcase classname="practice.testng.GetProductInfoTest" name="data" time="7.202"/>
  <testcase classname="practice.testng.GetProductInfoTest" name="data" time="8.229"/>
  <testcase classname="practice.testng.GetProductInfoTest" name="data" time="7.025"/>
</testsuite> <!-- practice.testng.GetProductInfoTest -->
