<?xml version="1.0" encoding="UTF-8"?>
<!-- Generated by org.testng.reporters.JUnitReportReporter -->
<testsuite hostname="LAPTOP-7BUEFBVS" failures="0" tests="3" name="practice.testng.ContactTest" time="0.011" errors="0" timestamp="2026-02-12T13:16:46 IST" skipped="0">
  <testcase classname="practice.testng.ContactTest" name="createContactTest" time="0.006"/>
  <testcase classname="practice.testng.ContactTest" name="modifyContactTest" time="0.001"/>
  <testcase classname="practice.testng.ContactTest" name="deleteContactTest" time="0.004"/>
</testsuite> <!-- practice.testng.ContactTest -->
