<?xml version="1.0" encoding="UTF-8"?>
<!-- Generated by org.testng.reporters.JUnitReportReporter -->
<testsuite hostname="LAPTOP-7BUEFBVS" failures="0" tests="2" name="configurationAnnotations.CreateContactTest" time="0.008" errors="0" timestamp="2026-02-14T10:50:49 IST" skipped="0">
  <testcase classname="configurationAnnotations.CreateContactTest" name="createContactWithSupportDate" time="0.002"/>
  <testcase classname="configurationAnnotations.CreateContactTest" name="createContact" time="0.006"/>
</testsuite> <!-- configurationAnnotations.CreateContactTest -->
