<?xml version="1.0" encoding="UTF-8"?>
<!-- Generated by org.testng.reporters.JUnitReportReporter -->
<testsuite hostname="LAPTOP-7BUEFBVS" failures="0" tests="3" name="practice.testng.GetProductInfoTestUsingExcel" time="20.023" errors="0" timestamp="2026-02-13T13:06:12 IST" skipped="0">
  <testcase classname="practice.testng.GetProductInfoTestUsingExcel" name="data" time="6.606"/>
  <testcase classname="practice.testng.GetProductInfoTestUsingExcel" name="data" time="6.543"/>
  <testcase classname="practice.testng.GetProductInfoTestUsingExcel" name="data" time="6.874"/>
</testsuite> <!-- practice.testng.GetProductInfoTestUsingExcel -->
