<?xml version="1.0" encoding="UTF-8"?>
<!-- Generated by org.testng.reporters.JUnitReportReporter -->
<testsuite hostname="LAPTOP-7BUEFBVS" failures="0" tests="2" name="com.CRM.comcastorgtest.CreateOrgTest" time="0.008" errors="0" timestamp="2026-02-14T11:58:44 IST" skipped="0">
  <testcase classname="com.CRM.comcastorgtest.CreateOrgTest" name="createOrgWithIndustry" time="0.003"/>
  <testcase classname="com.CRM.comcastorgtest.CreateOrgTest" name="createOrg" time="0.005"/>
</testsuite> <!-- com.CRM.comcastorgtest.CreateOrgTest -->
